# JRE version: OpenJDK Runtime Environment (11.0.13) (build 11.0.13+0-b1751.21-8125866)
# Java VM: OpenJDK 64-Bit Server VM (11.0.13+0-b1751.21-8125866, mixed mode, tiered, compressed oops, g1 gc, linux-amd64)
Heap:
 garbage-first heap   total 61440K, used 10940K [0x00000000c4000000, 0x0000000100000000)
  region size 1024K, 3 young (3072K), 2 survivors (2048K)
 Metaspace       used 16467K, capacity 16794K, committed 17024K, reserved 1064960K
  class space    used 1815K, capacity 1919K, committed 1920K, reserved 1048576K
GC Heap History (6 events):
Event: 0,761 GC heap before
{Heap before GC invocations=0 (full 0):
 garbage-first heap   total 61440K, used 16384K [0x00000000c4000000, 0x0000000100000000)
  region size 1024K, 14 young (14336K), 0 survivors (0K)
 Metaspace       used 7769K, capacity 7953K, committed 8192K, reserved 1056768K
  class space    used 689K, capacity 754K, committed 768K, reserved 1048576K
}
Event: 0,771 GC heap after
{Heap after GC invocations=1 (full 0):
 garbage-first heap   total 61440K, used 3555K [0x00000000c4000000, 0x0000000100000000)
  region size 1024K, 2 young (2048K), 2 survivors (2048K)
 Metaspace       used 7769K, capacity 7953K, committed 8192K, reserved 1056768K
  class space    used 689K, capacity 754K, committed 768K, reserved 1048576K
}
Event: 1,375 GC heap before
{Heap before GC invocations=1 (full 0):
 garbage-first heap   total 61440K, used 18915K [0x00000000c4000000, 0x0000000100000000)
  region size 1024K, 14 young (14336K), 2 survivors (2048K)
 Metaspace       used 10669K, capacity 10885K, committed 11008K, reserved 1058816K
  class space    used 1121K, capacity 1204K, committed 1280K, reserved 1048576K
}
Event: 1,382 GC heap after
{Heap after GC invocations=2 (full 0):
 garbage-first heap   total 61440K, used 9200K [0x00000000c4000000, 0x0000000100000000)
  region size 1024K, 2 young (2048K), 2 survivors (2048K)
 Metaspace       used 10669K, capacity 10885K, committed 11008K, reserved 1058816K
  class space    used 1121K, capacity 1204K, committed 1280K, reserved 1048576K
}
Event: 47,362 GC heap before
{Heap before GC invocations=2 (full 0):
 garbage-first heap   total 61440K, used 31728K [0x00000000c4000000, 0x0000000100000000)
  region size 1024K, 24 young (24576K), 2 survivors (2048K)
 Metaspace       used 16426K, capacity 16727K, committed 17024K, reserved 1064960K
  class space    used 1810K, capacity 1918K, committed 1920K, reserved 1048576K
}
Event: 47,392 GC heap after
{Heap after GC invocations=3 (full 0):
 garbage-first heap   total 61440K, used 10940K [0x00000000c4000000, 0x0000000100000000)
  region size 1024K, 2 young (2048K), 2 survivors (2048K)
 Metaspace       used 16426K, capacity 16727K, committed 17024K, reserved 1064960K
  class space    used 1810K, capacity 1918K, committed 1920K, reserved 1048576K
}

