# JRE version: OpenJDK Runtime Environment (11.0.13) (build 11.0.13+0-b1751.21-8125866)
# Java VM: OpenJDK 64-Bit Server VM (11.0.13+0-b1751.21-8125866, mixed mode, tiered, compressed oops, g1 gc, linux-amd64)
Heap:
 garbage-first heap   total 61440K, used 16650K [0x00000000c4000000, 0x0000000100000000)
  region size 1024K, 9 young (9216K), 2 survivors (2048K)
 Metaspace       used 16492K, capacity 16798K, committed 17152K, reserved 1064960K
  class space    used 1828K, capacity 1932K, committed 2048K, reserved 1048576K
GC Heap History (6 events):
Event: 0,852 GC heap before
{Heap before GC invocations=0 (full 0):
 garbage-first heap   total 61440K, used 16384K [0x00000000c4000000, 0x0000000100000000)
  region size 1024K, 14 young (14336K), 0 survivors (0K)
 Metaspace       used 7799K, capacity 7953K, committed 8192K, reserved 1056768K
  class space    used 689K, capacity 754K, committed 768K, reserved 1048576K
}
Event: 0,869 GC heap after
{Heap after GC invocations=1 (full 0):
 garbage-first heap   total 61440K, used 3571K [0x00000000c4000000, 0x0000000100000000)
  region size 1024K, 2 young (2048K), 2 survivors (2048K)
 Metaspace       used 7799K, capacity 7953K, committed 8192K, reserved 1056768K
  class space    used 689K, capacity 754K, committed 768K, reserved 1048576K
}
Event: 1,656 GC heap before
{Heap before GC invocations=1 (full 0):
 garbage-first heap   total 61440K, used 17907K [0x00000000c4000000, 0x0000000100000000)
  region size 1024K, 14 young (14336K), 2 survivors (2048K)
 Metaspace       used 10892K, capacity 11109K, committed 11264K, reserved 1058816K
  class space    used 1145K, capacity 1236K, committed 1280K, reserved 1048576K
}
Event: 1,671 GC heap after
{Heap after GC invocations=2 (full 0):
 garbage-first heap   total 61440K, used 9385K [0x00000000c4000000, 0x0000000100000000)
  region size 1024K, 2 young (2048K), 2 survivors (2048K)
 Metaspace       used 10892K, capacity 11109K, committed 11264K, reserved 1058816K
  class space    used 1145K, capacity 1236K, committed 1280K, reserved 1048576K
}
Event: 68,098 GC heap before
{Heap before GC invocations=2 (full 0):
 garbage-first heap   total 61440K, used 30889K [0x00000000c4000000, 0x0000000100000000)
  region size 1024K, 23 young (23552K), 2 survivors (2048K)
 Metaspace       used 16014K, capacity 16292K, committed 16512K, reserved 1064960K
  class space    used 1778K, capacity 1881K, committed 1920K, reserved 1048576K
}
Event: 68,105 GC heap after
{Heap after GC invocations=3 (full 0):
 garbage-first heap   total 61440K, used 10506K [0x00000000c4000000, 0x0000000100000000)
  region size 1024K, 2 young (2048K), 2 survivors (2048K)
 Metaspace       used 16014K, capacity 16292K, committed 16512K, reserved 1064960K
  class space    used 1778K, capacity 1881K, committed 1920K, reserved 1048576K
}

