# JRE version: OpenJDK Runtime Environment (11.0.13) (build 11.0.13+0-b1751.21-8125866)
# Java VM: OpenJDK 64-Bit Server VM (11.0.13+0-b1751.21-8125866, mixed mode, tiered, compressed oops, g1 gc, linux-amd64)
Heap:
 garbage-first heap   total 61440K, used 26808K [0x00000000c4000000, 0x0000000100000000)
  region size 1024K, 20 young (20480K), 2 survivors (2048K)
 Metaspace       used 15990K, capacity 16295K, committed 16512K, reserved 1064960K
  class space    used 1783K, capacity 1882K, committed 1920K, reserved 1048576K
GC Heap History (6 events):
Event: 1,261 GC heap before
{Heap before GC invocations=0 (full 0):
 garbage-first heap   total 61440K, used 16384K [0x00000000c4000000, 0x0000000100000000)
  region size 1024K, 14 young (14336K), 0 survivors (0K)
 Metaspace       used 7813K, capacity 8017K, committed 8192K, reserved 1056768K
  class space    used 689K, capacity 754K, committed 768K, reserved 1048576K
}
Event: 1,297 GC heap after
{Heap after GC invocations=1 (full 0):
 garbage-first heap   total 61440K, used 3565K [0x00000000c4000000, 0x0000000100000000)
  region size 1024K, 2 young (2048K), 2 survivors (2048K)
 Metaspace       used 7813K, capacity 8017K, committed 8192K, reserved 1056768K
  class space    used 689K, capacity 754K, committed 768K, reserved 1048576K
}
Event: 1,738 GC heap before
{Heap before GC invocations=1 (full 0):
 garbage-first heap   total 61440K, used 9709K [0x00000000c4000000, 0x0000000100000000)
  region size 1024K, 6 young (6144K), 2 survivors (2048K)
 Metaspace       used 8345K, capacity 8567K, committed 8832K, reserved 1056768K
  class space    used 757K, capacity 852K, committed 896K, reserved 1048576K
}
Event: 1,748 GC heap after
{Heap after GC invocations=2 (full 0):
 garbage-first heap   total 61440K, used 8660K [0x00000000c4000000, 0x0000000100000000)
  region size 1024K, 1 young (1024K), 1 survivors (1024K)
 Metaspace       used 8345K, capacity 8567K, committed 8832K, reserved 1056768K
  class space    used 757K, capacity 852K, committed 896K, reserved 1048576K
}
Event: 2,701 GC heap before
{Heap before GC invocations=2 (full 0):
 garbage-first heap   total 61440K, used 19924K [0x00000000c4000000, 0x0000000100000000)
  region size 1024K, 12 young (12288K), 1 survivors (1024K)
 Metaspace       used 11366K, capacity 11619K, committed 11904K, reserved 1060864K
  class space    used 1234K, capacity 1343K, committed 1408K, reserved 1048576K
}
Event: 2,710 GC heap after
{Heap after GC invocations=3 (full 0):
 garbage-first heap   total 61440K, used 9400K [0x00000000c4000000, 0x0000000100000000)
  region size 1024K, 2 young (2048K), 2 survivors (2048K)
 Metaspace       used 11366K, capacity 11619K, committed 11904K, reserved 1060864K
  class space    used 1234K, capacity 1343K, committed 1408K, reserved 1048576K
}

